<?xml version="1.0" encoding="UTF-8"?>
<!-- Generated by org.testng.reporters.JUnitReportReporter -->
<testsuite hostname="LAPTOP-5M6A98T7" name="testCase.TestCase02" tests="1" failures="0" timestamp="12 Dec 2018 06:36:51 GMT" time="165.725" errors="0">
  <testcase name="verifyFlipKartSearchProduct" time="165.725" classname="testCase.TestCase02"/>
</testsuite> <!-- testCase.TestCase02 -->
