<?xml version="1.0" encoding="UTF-8"?>
<!-- Generated by org.testng.reporters.JUnitReportReporter -->
<testsuite hostname="LAPTOP-5M6A98T7" name="testCase.TestCase01" tests="1" failures="0" timestamp="12 Dec 2018 06:04:52 GMT" time="160.518" errors="0">
  <testcase name="verifyFlipKartSearchProduct" time="160.518" classname="testCase.TestCase01"/>
</testsuite> <!-- testCase.TestCase01 -->
